[Thu Jun 13 00:21:57 2013] Disconnecting from room yuqiaoyan/safewalk2
[Thu Jun 13 00:21:57 2013] Disconnected.
[Thu Jun 13 00:21:57 2013] Connecting to floobits.com:3448
[Thu Jun 13 00:21:57 2013] Connected!
[Thu Jun 13 00:21:58 2013] Successfully joined room yuqiaoyan/safewalk2
[Thu Jun 13 00:22:32 2013] jonwu joined the room
[Thu Jun 13 00:31:04 2013] creating buffer gMaps.html
[Thu Jun 13 00:31:04 2013] Floobits: Error! Message: create buf failed: Duplicate path. Buffer 3 already has path gMaps.html
[Thu Jun 13 00:38:40 2013] Reconnecting due to settings change
[Thu Jun 13 00:38:40 2013] Floobits: Reconnecting in 750.0ms
[Thu Jun 13 00:38:40 2013] select(): No socket.
[Thu Jun 13 00:38:40 2013] select(): No socket.
[Thu Jun 13 00:38:40 2013] select(): No socket.
[Thu Jun 13 00:38:40 2013] select(): No socket.
[Thu Jun 13 00:38:40 2013] select(): No socket.
[Thu Jun 13 00:38:40 2013] select(): No socket.
[Thu Jun 13 00:38:40 2013] select(): No socket.
[Thu Jun 13 00:38:40 2013] select(): No socket.
[Thu Jun 13 00:38:40 2013] select(): No socket.
[Thu Jun 13 00:38:40 2013] select(): No socket.
[Thu Jun 13 00:38:40 2013] select(): No socket.
[Thu Jun 13 00:38:40 2013] select(): No socket.
[Thu Jun 13 00:38:40 2013] select(): No socket.
[Thu Jun 13 00:38:40 2013] select(): No socket.
[Thu Jun 13 00:38:40 2013] Disconnecting from room yuqiaoyan/safewalk2
[Thu Jun 13 00:38:40 2013] Disconnected.
[Thu Jun 13 00:38:40 2013] Connecting to floobits.com:3448
[Thu Jun 13 00:38:41 2013] Connected!
[Thu Jun 13 00:38:41 2013] Successfully joined room yuqiaoyan/safewalk2
[Thu Jun 13 00:40:02 2013] yuqiaoyan left the room
[Thu Jun 13 00:40:12 2013] yuqiaoyan joined the room
[Thu Jun 13 00:43:31 2013] jonwu joined the room
[Thu Jun 13 00:46:54 2013] jonwu left the room
[Thu Jun 13 00:46:55 2013] jonwu joined the room
[Thu Jun 13 00:50:12 2013] jonwu left the room
[Thu Jun 13 00:50:47 2013] yuqiaoyan left the room
[Thu Jun 13 00:55:16 2013] jonwu left the room
[Thu Jun 13 01:31:07 2013] yuqiaoyan joined the room
[Thu Jun 13 01:32:15 2013] yuqiaoyan joined the room
[Thu Jun 13 01:32:17 2013] yuqiaoyan left the room
[Thu Jun 13 01:35:53 2013] yuqiaoyan left the room
[Thu Jun 13 01:37:30 2013] jonwu joined the room
[Thu Jun 13 01:38:16 2013] jonwu joined the room
[Thu Jun 13 01:38:51 2013] jonwu left the room
[Thu Jun 13 01:38:53 2013] jonwu joined the room
